d:\erd\libsodium\erdproject\erdproject\debug\vc141.pdb
d:\erd\libsodium\erdproject\erdproject\debug\vc141.idb
d:\erd\libsodium\erdproject\erdproject\debug\main.obj
d:\erd\libsodium\erdproject\debug\libsodium.dll
d:\erd\libsodium\erdproject\debug\erdproject.ilk
d:\erd\libsodium\erdproject\debug\erdproject.exe
d:\erd\libsodium\erdproject\debug\erdproject.pdb
d:\erd\erdproject\erdproject\debug\main.obj
d:\erd\erdproject\erdproject\debug\vc141.idb
d:\erd\erdproject\erdproject\debug\vc141.pdb
d:\erd\erdproject\debug\erdproject.pdb
d:\erd\erdproject\debug\erdproject.exe
d:\erd\erdproject\debug\erdproject.ilk
d:\erd\erdproject\erdproject\debug\erdproject.tlog\cl.command.1.tlog
d:\erd\erdproject\erdproject\debug\erdproject.tlog\cl.read.1.tlog
d:\erd\erdproject\erdproject\debug\erdproject.tlog\cl.write.1.tlog
d:\erd\erdproject\erdproject\debug\erdproject.tlog\erdproject.write.1u.tlog
d:\erd\erdproject\erdproject\debug\erdproject.tlog\link.command.1.tlog
d:\erd\erdproject\erdproject\debug\erdproject.tlog\link.read.1.tlog
d:\erd\erdproject\erdproject\debug\erdproject.tlog\link.write.1.tlog
